[2025-06-03T04:00:01.012Z] 🚀 Starting Daily Fresh Scan (2 days, all PLZ sequential)
[2025-06-03T04:00:01.105Z] 📋 Found 8288 postal codes for sequential scanning
[2025-06-03T04:00:01.106Z] 📊 Processing 8288 postal codes sequentially
[2025-06-03T04:00:01.107Z] 🎯 Strategy: Complete coverage, no prioritization
[2025-06-03T08:20:06.532Z] ✅ Scan completed: 1059590 new positions from 8288 PLZ
[2025-06-03T08:20:06.534Z] ✅ Daily Fresh Scan completed successfully
[2025-06-04T04:00:00.823Z] 🚀 Starting Daily Fresh Scan (2 days, all PLZ sequential)
[2025-06-04T04:00:00.875Z] 📋 Found 8288 postal codes for sequential scanning
[2025-06-04T04:00:00.876Z] 📊 Processing 8288 postal codes sequentially
[2025-06-04T04:00:00.876Z] 🎯 Strategy: Complete coverage, no prioritization
[2025-06-04T08:57:57.403Z] ✅ Scan completed: 1062060 new positions from 8288 PLZ
[2025-06-04T08:57:57.404Z] ✅ Daily Fresh Scan completed successfully
[2025-06-05T04:00:00.881Z] 🚀 Starting Daily Fresh Scan (2 days, all PLZ sequential)
[2025-06-05T04:00:00.940Z] 📋 Found 8288 postal codes for sequential scanning
[2025-06-05T04:00:00.941Z] 📊 Processing 8288 postal codes sequentially
[2025-06-05T04:00:00.941Z] 🎯 Strategy: Complete coverage, no prioritization
[2025-06-06T04:01:37.758Z] 🚀 Starting Daily Fresh Scan (2 days, all PLZ sequential)
[2025-06-06T04:01:37.849Z] 📋 Found 8288 postal codes for sequential scanning
[2025-06-06T04:01:37.849Z] 📊 Processing 8288 postal codes sequentially
[2025-06-06T04:01:37.850Z] 🎯 Strategy: Complete coverage, no prioritization
