🔄 Data Normalizer initialized
🚀 Starting data normalization...
📊 Total records to normalize: 380.362

📦 Processing batch 1 (1 - 3000)

📦 Processing batch 2 (3001 - 6000)

📦 Processing batch 3 (6001 - 9000)

📦 Processing batch 4 (9001 - 12000)

📦 Processing batch 5 (12001 - 15000)

📦 Processing batch 6 (15001 - 18000)

📦 Processing batch 7 (18001 - 21000)

📦 Processing batch 8 (21001 - 24000)

📦 Processing batch 9 (24001 - 27000)

📈 PROGRESS UPDATE:
   Processed: 27.000
   Employers created: 0
   Employers updated: 27.000
   Positions created: 0
   Positions updated: 25.006
   Errors: 0
   Rate: 900 records/sec

📦 Processing batch 10 (27001 - 30000)

📦 Processing batch 11 (30001 - 33000)

📦 Processing batch 12 (33001 - 36000)

📦 Processing batch 13 (36001 - 39000)

📦 Processing batch 14 (39001 - 42000)

📦 Processing batch 15 (42001 - 45000)

📦 Processing batch 16 (45001 - 48000)

📦 Processing batch 17 (48001 - 51000)

📦 Processing batch 18 (51001 - 54000)

📦 Processing batch 19 (54001 - 57000)

📈 PROGRESS UPDATE:
   Processed: 57.000
   Employers created: 12.594
   Employers updated: 44.406
   Positions created: 17.920
   Positions updated: 33.033
   Errors: 0
   Rate: 934 records/sec

📦 Processing batch 20 (57001 - 60000)

📦 Processing batch 21 (60001 - 63000)

📦 Processing batch 22 (63001 - 66000)

📦 Processing batch 23 (66001 - 69000)

📦 Processing batch 24 (69001 - 72000)

📦 Processing batch 25 (72001 - 75000)

📦 Processing batch 26 (75001 - 78000)

📦 Processing batch 27 (78001 - 81000)

📦 Processing batch 28 (81001 - 84000)

📦 Processing batch 29 (84001 - 87000)

📈 PROGRESS UPDATE:
   Processed: 87.000
   Employers created: 29.499
   Employers updated: 57.501
   Positions created: 44.237
   Positions updated: 33.433
   Errors: 0
   Rate: 956 records/sec

📦 Processing batch 30 (87001 - 90000)

📦 Processing batch 31 (90001 - 93000)

📦 Processing batch 32 (93001 - 96000)

📦 Processing batch 33 (96001 - 99000)

📦 Processing batch 34 (99001 - 102000)

📦 Processing batch 35 (102001 - 105000)

📦 Processing batch 36 (105001 - 108000)

📦 Processing batch 37 (108001 - 111000)

📦 Processing batch 38 (111001 - 114000)

📦 Processing batch 39 (114001 - 117000)

📈 PROGRESS UPDATE:
   Processed: 117.000
   Employers created: 50.757
   Employers updated: 66.243
   Positions created: 72.032
   Positions updated: 33.658
   Errors: 0
   Rate: 959 records/sec

📦 Processing batch 40 (117001 - 120000)

📦 Processing batch 41 (120001 - 123000)

📦 Processing batch 42 (123001 - 126000)

📦 Processing batch 43 (126001 - 129000)

📦 Processing batch 44 (129001 - 132000)

📦 Processing batch 45 (132001 - 135000)

📦 Processing batch 46 (135001 - 138000)

📦 Processing batch 47 (138001 - 141000)

📦 Processing batch 48 (141001 - 144000)

📦 Processing batch 49 (144001 - 147000)

📈 PROGRESS UPDATE:
   Processed: 147.000
   Employers created: 65.214
   Employers updated: 81.786
   Positions created: 97.944
   Positions updated: 35.097
   Errors: 0
   Rate: 942 records/sec

📦 Processing batch 50 (147001 - 150000)

📦 Processing batch 51 (150001 - 153000)

📦 Processing batch 52 (153001 - 156000)

📦 Processing batch 53 (156001 - 159000)

📦 Processing batch 54 (159001 - 162000)

📦 Processing batch 55 (162001 - 165000)

📦 Processing batch 56 (165001 - 168000)

📦 Processing batch 57 (168001 - 171000)

📦 Processing batch 58 (171001 - 174000)

📦 Processing batch 59 (174001 - 177000)

📈 PROGRESS UPDATE:
   Processed: 177.000
   Employers created: 78.413
   Employers updated: 98.587
   Positions created: 119.952
   Positions updated: 38.415
   Errors: 0
   Rate: 937 records/sec

📦 Processing batch 60 (177001 - 180000)

📦 Processing batch 61 (180001 - 183000)

📦 Processing batch 62 (183001 - 186000)

📦 Processing batch 63 (186001 - 189000)

📦 Processing batch 64 (189001 - 192000)

📦 Processing batch 65 (192001 - 195000)

📦 Processing batch 66 (195001 - 198000)

📦 Processing batch 67 (198001 - 201000)

📦 Processing batch 68 (201001 - 204000)

📦 Processing batch 69 (204001 - 207000)

📈 PROGRESS UPDATE:
   Processed: 207.000
   Employers created: 89.794
   Employers updated: 117.206
   Positions created: 131.834
   Positions updated: 43.832
   Errors: 0
   Rate: 941 records/sec

📦 Processing batch 70 (207001 - 210000)

📦 Processing batch 71 (210001 - 213000)

📦 Processing batch 72 (213001 - 216000)

📦 Processing batch 73 (216001 - 219000)

📦 Processing batch 74 (219001 - 222000)

📦 Processing batch 75 (222001 - 225000)

📦 Processing batch 76 (225001 - 228000)

📦 Processing batch 77 (228001 - 231000)

📦 Processing batch 78 (231001 - 234000)

📦 Processing batch 79 (234001 - 237000)

📈 PROGRESS UPDATE:
   Processed: 237.000
   Employers created: 104.833
   Employers updated: 132.167
   Positions created: 157.786
   Positions updated: 45.391
   Errors: 0
   Rate: 937 records/sec

📦 Processing batch 80 (237001 - 240000)

📦 Processing batch 81 (240001 - 243000)

📦 Processing batch 82 (243001 - 246000)

📦 Processing batch 83 (246001 - 249000)

📦 Processing batch 84 (249001 - 252000)

📦 Processing batch 85 (252001 - 255000)

📦 Processing batch 86 (255001 - 258000)

📦 Processing batch 87 (258001 - 261000)

📦 Processing batch 88 (261001 - 264000)

📦 Processing batch 89 (264001 - 267000)

📈 PROGRESS UPDATE:
   Processed: 267.000
   Employers created: 118.784
   Employers updated: 148.216
   Positions created: 183.994
   Positions updated: 47.535
   Errors: 0
   Rate: 918 records/sec

📦 Processing batch 90 (267001 - 270000)

📦 Processing batch 91 (270001 - 273000)

📦 Processing batch 92 (273001 - 276000)

📦 Processing batch 93 (276001 - 279000)

📦 Processing batch 94 (279001 - 282000)

📦 Processing batch 95 (282001 - 285000)

📦 Processing batch 96 (285001 - 288000)

📦 Processing batch 97 (288001 - 291000)

📦 Processing batch 98 (291001 - 294000)

📦 Processing batch 99 (294001 - 297000)

📈 PROGRESS UPDATE:
   Processed: 297.000
   Employers created: 131.451
   Employers updated: 165.549
   Positions created: 208.799
   Positions updated: 49.573
   Errors: 0
   Rate: 914 records/sec

📦 Processing batch 100 (297001 - 300000)

📦 Processing batch 101 (300001 - 303000)

📦 Processing batch 102 (303001 - 306000)

📦 Processing batch 103 (306001 - 309000)

📦 Processing batch 104 (309001 - 312000)

📦 Processing batch 105 (312001 - 315000)

📦 Processing batch 106 (315001 - 318000)

📦 Processing batch 107 (318001 - 321000)

📦 Processing batch 108 (321001 - 324000)

📦 Processing batch 109 (324001 - 327000)

📈 PROGRESS UPDATE:
   Processed: 327.000
   Employers created: 143.118
   Employers updated: 183.882
   Positions created: 233.807
   Positions updated: 51.877
   Errors: 0
   Rate: 911 records/sec

📦 Processing batch 110 (327001 - 330000)

📦 Processing batch 111 (330001 - 333000)

📦 Processing batch 112 (333001 - 336000)

📦 Processing batch 113 (336001 - 339000)

📦 Processing batch 114 (339001 - 342000)

📦 Processing batch 115 (342001 - 345000)

📦 Processing batch 116 (345001 - 348000)

📦 Processing batch 117 (348001 - 351000)

📦 Processing batch 118 (351001 - 354000)

📦 Processing batch 119 (354001 - 357000)

📈 PROGRESS UPDATE:
   Processed: 357.000
   Employers created: 154.315
   Employers updated: 202.685
   Positions created: 258.316
   Positions updated: 55.472
   Errors: 0
   Rate: 902 records/sec

📦 Processing batch 120 (357001 - 360000)

📦 Processing batch 121 (360001 - 363000)

📦 Processing batch 122 (363001 - 366000)

📦 Processing batch 123 (366001 - 369000)

📦 Processing batch 124 (369001 - 372000)

📦 Processing batch 125 (372001 - 375000)

📦 Processing batch 126 (375001 - 378000)

📦 Processing batch 127 (378001 - 380362)

📊 Updating employer statistics...
✅ Employer statistics updated

📊 NORMALIZATION COMPLETED
===========================
Processed records: 379.824
Employers created: 163.869
Employers updated: 215.955
Positions created: 279.732
Positions updated: 56.370
Errors: 0
Duration: 431 seconds
Average rate: 881 records/sec
Success rate: 100.0%

📊 NORMALIZED DATA STATISTICS:
===============================
👥 Employers: 187.961
   With Email: 43.048
   With Website: 46.323
   Avg Completeness: 40.7%
   Avg Positions per Employer: 0.0

💼 Job Positions: 312.030
   Jobs: 0
   Ausbildung: 0
   Unique Berufe: 2.312
   Employers with Positions: 170.763
   Avg Times Seen: 1.2

🎉 Data normalization completed successfully!
Optimized employer and job position structure ready for intelligent scraping.
